

====================================================================================================

  (Run Starting)

  ┌────────────────────────────────────────────────────────────────────────────────────────────────┐
  │ Cypress:        10.11.0                                                                        │
  │ Browser:        Electron 106 (headless)                                                        │
  │ Node Version:   v18.12.0 (C:\Program Files\nodejs\node.exe)                                    │
  │ Specs:          1 found (test-skip.cy.js)                                                      │
  │ Searched:       D:\github2\cypress-test-tiny\cypress\e2e\test-skip.cy.js                       │
  └────────────────────────────────────────────────────────────────────────────────────────────────┘


────────────────────────────────────────────────────────────────────────────────────────────────────
                                                                                                    
  Running:  test-skip.cy.js                                                                 (1 of 1)


  1) An uncaught error was detected outside of a test

  0 passing (204ms)
  1 failing

  1) An uncaught error was detected outside of a test:
     TypeError: The following error originated from your test code, not from Cypress.

  > Cannot set properties of undefined (setting 'body')

When Cypress detects uncaught errors originating from your test code it will automatically fail the current test.

Cypress could not associate this error to any specific test.

We dynamically generated a new test to display this failure.
      at createRunnable (http://localhost:52543/__cypress/runner/cypress_runner.js:162474:19)
      at Function.skip (http://localhost:52543/__cypress/runner/cypress_runner.js:162533:14)
      at <unknown> (http://localhost:52543/__cypress/runner/cypress_runner.js:165590:23)
      at tryCatcher (http://localhost:52543/__cypress/runner/cypress_runner.js:11318:23)
      at Object.gotValue (http://localhost:52543/__cypress/runner/cypress_runner.js:10460:18)
      at Object.gotAccum (http://localhost:52543/__cypress/runner/cypress_runner.js:10449:25)
      at Object.tryCatcher (http://localhost:52543/__cypress/runner/cypress_runner.js:11318:23)
      at Promise._settlePromiseFromHandler (http://localhost:52543/__cypress/runner/cypress_runner.js:9253:31)
      at Promise._settlePromise (http://localhost:52543/__cypress/runner/cypress_runner.js:9310:18)
      at Promise._settlePromise0 (http://localhost:52543/__cypress/runner/cypress_runner.js:9355:10)
      at Promise._settlePromises (http://localhost:52543/__cypress/runner/cypress_runner.js:9435:18)
      at _drainQueueStep (http://localhost:52543/__cypress/runner/cypress_runner.js:6025:12)
      at _drainQueue (http://localhost:52543/__cypress/runner/cypress_runner.js:6018:9)
      at ../../node_modules/bluebird/js/release/async.js.Async._drainQueues (http://localhost:52543/__cypress/runner/cypress_runner.js:6034:5)
      at Async.drainQueues (http://localhost:52543/__cypress/runner/cypress_runner.js:5904:14)




  (Results)

  ┌────────────────────────────────────────────────────────────────────────────────────────────────┐
  │ Tests:        1                                                                                │
  │ Passing:      0                                                                                │
  │ Failing:      1                                                                                │
  │ Pending:      0                                                                                │
  │ Skipped:      0                                                                                │
  │ Screenshots:  1                                                                                │
  │ Video:        true                                                                             │
  │ Duration:     0 seconds                                                                        │
  │ Spec Ran:     test-skip.cy.js                                                                  │
  └────────────────────────────────────────────────────────────────────────────────────────────────┘


  (Screenshots)

  -  D:\github2\cypress-test-tiny\cypress\screenshots\test-skip.cy.js\An uncaught err     (1280x720)
     or was detected outside of a test (failed).png                                                 


  (Video)

  -  Started processing:  Compressing to 32 CRF                                                     
  -  Finished processing: D:\github2\cypress-test-tiny\cypress\videos\test-skip.cy.js    (0 seconds)
                          .mp4                                                                      


====================================================================================================

  (Run Finished)


       Spec                                              Tests  Passing  Failing  Pending  Skipped  
  ┌────────────────────────────────────────────────────────────────────────────────────────────────┐
  │ ✖  test-skip.cy.js                          201ms        1        -        1        -        - │
  └────────────────────────────────────────────────────────────────────────────────────────────────┘
    ✖  1 of 1 failed (100%)                     201ms        1        -        1        -        -  

